{"/Users/zsuzsannagyori/Documents/Codecool/projects/jest-the-beginning-react/palindromeChainLength.js": {"path":"/Users/zsuzsannagyori/Documents/Codecool/projects/jest-the-beginning-react/palindromeChainLength.js","statementMap":{"0":{"start":{"line":2,"column":23},"end":{"line":2,"column":34}},"1":{"start":{"line":3,"column":22},"end":{"line":3,"column":46}},"2":{"start":{"line":4,"column":30},"end":{"line":4,"column":53}},"3":{"start":{"line":5,"column":31},"end":{"line":5,"column":61}},"4":{"start":{"line":6,"column":2},"end":{"line":6,"column":42}},"5":{"start":{"line":10,"column":23},"end":{"line":10,"column":44}},"6":{"start":{"line":11,"column":2},"end":{"line":11,"column":35}},"7":{"start":{"line":15,"column":2},"end":{"line":17,"column":3}},"8":{"start":{"line":16,"column":4},"end":{"line":16,"column":13}},"9":{"start":{"line":19,"column":20},"end":{"line":19,"column":21}},"10":{"start":{"line":20,"column":19},"end":{"line":20,"column":25}},"11":{"start":{"line":21,"column":23},"end":{"line":21,"column":27}},"12":{"start":{"line":23,"column":2},"end":{"line":32,"column":3}},"13":{"start":{"line":23,"column":13},"end":{"line":23,"column":14}},"14":{"start":{"line":24,"column":4},"end":{"line":24,"column":18}},"15":{"start":{"line":25,"column":4},"end":{"line":25,"column":47}},"16":{"start":{"line":26,"column":27},"end":{"line":26,"column":54}},"17":{"start":{"line":27,"column":4},"end":{"line":31,"column":5}},"18":{"start":{"line":28,"column":6},"end":{"line":28,"column":25}},"19":{"start":{"line":30,"column":6},"end":{"line":30,"column":36}},"20":{"start":{"line":34,"column":2},"end":{"line":34,"column":49}},"21":{"start":{"line":37,"column":0},"end":{"line":41,"column":2}}},"fnMap":{"0":{"name":"reverseNumber","decl":{"start":{"line":1,"column":9},"end":{"line":1,"column":22}},"loc":{"start":{"line":1,"column":31},"end":{"line":7,"column":1}},"line":1},"1":{"name":"isPalindrome","decl":{"start":{"line":9,"column":9},"end":{"line":9,"column":21}},"loc":{"start":{"line":9,"column":30},"end":{"line":12,"column":1}},"line":9},"2":{"name":"palindromeChainLength","decl":{"start":{"line":14,"column":9},"end":{"line":14,"column":30}},"loc":{"start":{"line":14,"column":39},"end":{"line":35,"column":1}},"line":14}},"branchMap":{"0":{"loc":{"start":{"line":15,"column":2},"end":{"line":17,"column":3}},"type":"if","locations":[{"start":{"line":15,"column":2},"end":{"line":17,"column":3}},{"start":{},"end":{}}],"line":15},"1":{"loc":{"start":{"line":27,"column":4},"end":{"line":31,"column":5}},"type":"if","locations":[{"start":{"line":27,"column":4},"end":{"line":31,"column":5}},{"start":{"line":29,"column":11},"end":{"line":31,"column":5}}],"line":27}},"s":{"0":257,"1":257,"2":257,"3":257,"4":257,"5":131,"6":131,"7":4,"8":1,"9":3,"10":3,"11":3,"12":3,"13":3,"14":125,"15":125,"16":125,"17":125,"18":2,"19":123,"20":1,"21":1},"f":{"0":257,"1":131,"2":4},"b":{"0":[1,3],"1":[2,123]},"_coverageSchema":"1a1c01bbd47fc00a2c39e90264f33305004495a9","hash":"7ce6ee5f63be40feee4d733a5d71e541e951dc52"}
}
