{"/Users/zsuzsannagyori/Documents/Codecool/projects/jest-the-beginning-react/declareWinner.js": {"path":"/Users/zsuzsannagyori/Documents/Codecool/projects/jest-the-beginning-react/declareWinner.js","statementMap":{"0":{"start":{"line":5,"column":2},"end":{"line":11,"column":3}},"1":{"start":{"line":6,"column":4},"end":{"line":6,"column":27}},"2":{"start":{"line":7,"column":4},"end":{"line":7,"column":28}},"3":{"start":{"line":9,"column":4},"end":{"line":9,"column":27}},"4":{"start":{"line":10,"column":4},"end":{"line":10,"column":28}},"5":{"start":{"line":13,"column":2},"end":{"line":29,"column":3}},"6":{"start":{"line":13,"column":13},"end":{"line":13,"column":14}},"7":{"start":{"line":14,"column":17},"end":{"line":14,"column":27}},"8":{"start":{"line":16,"column":4},"end":{"line":28,"column":5}},"9":{"start":{"line":17,"column":6},"end":{"line":17,"column":81}},"10":{"start":{"line":19,"column":6},"end":{"line":21,"column":7}},"11":{"start":{"line":20,"column":8},"end":{"line":20,"column":32}},"12":{"start":{"line":23,"column":7},"end":{"line":23,"column":81}},"13":{"start":{"line":25,"column":6},"end":{"line":27,"column":7}},"14":{"start":{"line":26,"column":8},"end":{"line":26,"column":33}},"15":{"start":{"line":32,"column":0},"end":{"line":32,"column":31}}},"fnMap":{"0":{"name":"declareWinner","decl":{"start":{"line":1,"column":9},"end":{"line":1,"column":22}},"loc":{"start":{"line":1,"column":58},"end":{"line":30,"column":1}},"line":1}},"branchMap":{"0":{"loc":{"start":{"line":5,"column":2},"end":{"line":11,"column":3}},"type":"if","locations":[{"start":{"line":5,"column":2},"end":{"line":11,"column":3}},{"start":{"line":8,"column":9},"end":{"line":11,"column":3}}],"line":5},"1":{"loc":{"start":{"line":16,"column":4},"end":{"line":28,"column":5}},"type":"if","locations":[{"start":{"line":16,"column":4},"end":{"line":28,"column":5}},{"start":{"line":22,"column":11},"end":{"line":28,"column":5}}],"line":16},"2":{"loc":{"start":{"line":19,"column":6},"end":{"line":21,"column":7}},"type":"if","locations":[{"start":{"line":19,"column":6},"end":{"line":21,"column":7}},{"start":{},"end":{}}],"line":19},"3":{"loc":{"start":{"line":25,"column":6},"end":{"line":27,"column":7}},"type":"if","locations":[{"start":{"line":25,"column":6},"end":{"line":27,"column":7}},{"start":{},"end":{}}],"line":25}},"s":{"0":3,"1":2,"2":2,"3":1,"4":1,"5":3,"6":3,"7":22,"8":22,"9":12,"10":12,"11":2,"12":10,"13":10,"14":1,"15":1},"f":{"0":3},"b":{"0":[2,1],"1":[12,10],"2":[2,10],"3":[1,9]},"_coverageSchema":"1a1c01bbd47fc00a2c39e90264f33305004495a9","hash":"c0871da800b0a435ef1c8d7af7b32270faf7a1e0"}
,"/Users/zsuzsannagyori/Documents/Codecool/projects/jest-the-beginning-react/findUnique.js": {"path":"/Users/zsuzsannagyori/Documents/Codecool/projects/jest-the-beginning-react/findUnique.js","statementMap":{"0":{"start":{"line":2,"column":20},"end":{"line":2,"column":30}},"1":{"start":{"line":3,"column":21},"end":{"line":3,"column":31}},"2":{"start":{"line":6,"column":2},"end":{"line":8,"column":3}},"3":{"start":{"line":7,"column":4},"end":{"line":7,"column":26}},"4":{"start":{"line":10,"column":2},"end":{"line":27,"column":3}},"5":{"start":{"line":11,"column":4},"end":{"line":11,"column":32}},"6":{"start":{"line":12,"column":4},"end":{"line":18,"column":5}},"7":{"start":{"line":12,"column":15},"end":{"line":12,"column":16}},"8":{"start":{"line":13,"column":26},"end":{"line":13,"column":36}},"9":{"start":{"line":15,"column":6},"end":{"line":17,"column":7}},"10":{"start":{"line":16,"column":8},"end":{"line":16,"column":28}},"11":{"start":{"line":20,"column":22},"end":{"line":20,"column":32}},"12":{"start":{"line":22,"column":4},"end":{"line":26,"column":5}},"13":{"start":{"line":23,"column":6},"end":{"line":23,"column":24}},"14":{"start":{"line":25,"column":6},"end":{"line":25,"column":25}},"15":{"start":{"line":30,"column":0},"end":{"line":30,"column":28}}},"fnMap":{"0":{"name":"findUnique","decl":{"start":{"line":1,"column":9},"end":{"line":1,"column":19}},"loc":{"start":{"line":1,"column":29},"end":{"line":28,"column":1}},"line":1}},"branchMap":{"0":{"loc":{"start":{"line":6,"column":2},"end":{"line":8,"column":3}},"type":"if","locations":[{"start":{"line":6,"column":2},"end":{"line":8,"column":3}},{"start":{},"end":{}}],"line":6},"1":{"loc":{"start":{"line":10,"column":2},"end":{"line":27,"column":3}},"type":"if","locations":[{"start":{"line":10,"column":2},"end":{"line":27,"column":3}},{"start":{"line":19,"column":9},"end":{"line":27,"column":3}}],"line":10},"2":{"loc":{"start":{"line":15,"column":6},"end":{"line":17,"column":7}},"type":"if","locations":[{"start":{"line":15,"column":6},"end":{"line":17,"column":7}},{"start":{},"end":{}}],"line":15},"3":{"loc":{"start":{"line":22,"column":4},"end":{"line":26,"column":5}},"type":"if","locations":[{"start":{"line":22,"column":4},"end":{"line":26,"column":5}},{"start":{"line":24,"column":11},"end":{"line":26,"column":5}}],"line":22}},"s":{"0":4,"1":4,"2":4,"3":1,"4":3,"5":1,"6":1,"7":1,"8":3,"9":3,"10":1,"11":2,"12":2,"13":1,"14":1,"15":1},"f":{"0":4},"b":{"0":[1,3],"1":[1,2],"2":[1,2],"3":[1,1]},"_coverageSchema":"1a1c01bbd47fc00a2c39e90264f33305004495a9","hash":"3ec9d285aaf7c5f60d6c884684812ebb8d22825c"}
,"/Users/zsuzsannagyori/Documents/Codecool/projects/jest-the-beginning-react/maxDiff.js": {"path":"/Users/zsuzsannagyori/Documents/Codecool/projects/jest-the-beginning-react/maxDiff.js","statementMap":{"0":{"start":{"line":2,"column":2},"end":{"line":4,"column":3}},"1":{"start":{"line":3,"column":4},"end":{"line":3,"column":48}},"2":{"start":{"line":6,"column":23},"end":{"line":6,"column":30}},"3":{"start":{"line":7,"column":22},"end":{"line":7,"column":29}},"4":{"start":{"line":9,"column":2},"end":{"line":18,"column":3}},"5":{"start":{"line":9,"column":13},"end":{"line":9,"column":14}},"6":{"start":{"line":10,"column":24},"end":{"line":10,"column":31}},"7":{"start":{"line":12,"column":4},"end":{"line":14,"column":5}},"8":{"start":{"line":13,"column":6},"end":{"line":13,"column":37}},"9":{"start":{"line":15,"column":4},"end":{"line":17,"column":5}},"10":{"start":{"line":16,"column":6},"end":{"line":16,"column":36}},"11":{"start":{"line":20,"column":2},"end":{"line":20,"column":40}},"12":{"start":{"line":23,"column":0},"end":{"line":23,"column":24}}},"fnMap":{"0":{"name":"maxDiff","decl":{"start":{"line":1,"column":9},"end":{"line":1,"column":16}},"loc":{"start":{"line":1,"column":23},"end":{"line":21,"column":1}},"line":1}},"branchMap":{"0":{"loc":{"start":{"line":2,"column":2},"end":{"line":4,"column":3}},"type":"if","locations":[{"start":{"line":2,"column":2},"end":{"line":4,"column":3}},{"start":{},"end":{}}],"line":2},"1":{"loc":{"start":{"line":2,"column":6},"end":{"line":2,"column":44}},"type":"binary-expr","locations":[{"start":{"line":2,"column":6},"end":{"line":2,"column":23}},{"start":{"line":2,"column":27},"end":{"line":2,"column":44}}],"line":2},"2":{"loc":{"start":{"line":12,"column":4},"end":{"line":14,"column":5}},"type":"if","locations":[{"start":{"line":12,"column":4},"end":{"line":14,"column":5}},{"start":{},"end":{}}],"line":12},"3":{"loc":{"start":{"line":15,"column":4},"end":{"line":17,"column":5}},"type":"if","locations":[{"start":{"line":15,"column":4},"end":{"line":17,"column":5}},{"start":{},"end":{}}],"line":15}},"s":{"0":5,"1":2,"2":3,"3":3,"4":3,"5":3,"6":13,"7":13,"8":3,"9":13,"10":3,"11":3,"12":1},"f":{"0":5},"b":{"0":[2,3],"1":[5,4],"2":[3,10],"3":[3,10]},"_coverageSchema":"1a1c01bbd47fc00a2c39e90264f33305004495a9","hash":"a4ee4d9faf1a07bfd974c6fb802a2c5fdd226d0a"}
,"/Users/zsuzsannagyori/Documents/Codecool/projects/jest-the-beginning-react/monkeyTalk.js": {"path":"/Users/zsuzsannagyori/Documents/Codecool/projects/jest-the-beginning-react/monkeyTalk.js","statementMap":{"0":{"start":{"line":1,"column":0},"end":{"line":3,"column":1}},"1":{"start":{"line":2,"column":4},"end":{"line":2,"column":56}},"2":{"start":{"line":5,"column":19},"end":{"line":9,"column":21}},"3":{"start":{"line":5,"column":29},"end":{"line":9,"column":21}},"4":{"start":{"line":7,"column":15},"end":{"line":7,"column":59}},"5":{"start":{"line":11,"column":2},"end":{"line":11,"column":29}}},"fnMap":{"0":{"name":"(anonymous_0)","decl":{"start":{"line":1,"column":30},"end":{"line":1,"column":31}},"loc":{"start":{"line":1,"column":41},"end":{"line":3,"column":1}},"line":1},"1":{"name":"(anonymous_1)","decl":{"start":{"line":5,"column":19},"end":{"line":5,"column":20}},"loc":{"start":{"line":5,"column":29},"end":{"line":9,"column":21}},"line":5},"2":{"name":"(anonymous_2)","decl":{"start":{"line":7,"column":7},"end":{"line":7,"column":8}},"loc":{"start":{"line":7,"column":15},"end":{"line":7,"column":59}},"line":7}},"branchMap":{"0":{"loc":{"start":{"line":7,"column":15},"end":{"line":7,"column":59}},"type":"cond-expr","locations":[{"start":{"line":7,"column":46},"end":{"line":7,"column":51}},{"start":{"line":7,"column":54},"end":{"line":7,"column":59}}],"line":7}},"s":{"0":1,"1":4,"2":1,"3":4,"4":5,"5":1},"f":{"0":4,"1":4,"2":5},"b":{"0":[3,2]},"_coverageSchema":"1a1c01bbd47fc00a2c39e90264f33305004495a9","hash":"d25f2c96d06f38cd2b8fcfed60e4da2fe212f5e2"}
}
